d:\course project\ria-2025\ria-2025\x64\debug\vc143.pdb
d:\course project\ria-2025\ria-2025\x64\debug\vc143.idb
d:\course project\ria-2025\ria-2025\x64\debug\semanalysis.obj
d:\course project\ria-2025\ria-2025\x64\debug\ria-2025.obj
d:\course project\ria-2025\ria-2025\x64\debug\polishnotation.obj
d:\course project\ria-2025\ria-2025\x64\debug\parm.obj
d:\course project\ria-2025\ria-2025\x64\debug\mfst.obj
d:\course project\ria-2025\ria-2025\x64\debug\lt.obj
d:\course project\ria-2025\ria-2025\x64\debug\log.obj
d:\course project\ria-2025\ria-2025\x64\debug\lexanalysis.obj
d:\course project\ria-2025\ria-2025\x64\debug\it.obj
d:\course project\ria-2025\ria-2025\x64\debug\in.obj
d:\course project\ria-2025\ria-2025\x64\debug\grb.obj
d:\course project\ria-2025\ria-2025\x64\debug\generator.obj
d:\course project\ria-2025\ria-2025\x64\debug\fst.obj
d:\course project\ria-2025\ria-2025\x64\debug\error.obj
d:\course project\ria-2025\x64\debug\ria-2025.exe
d:\course project\ria-2025\x64\debug\ria-2025.pdb
d:\course project\ria-2025\ria-2025\x64\debug\ria-2025.ilk
d:\course project\ria-2025\ria-2025\x64\debug\ria-2025.tlog\cl.command.1.tlog
d:\course project\ria-2025\ria-2025\x64\debug\ria-2025.tlog\cl.items.tlog
d:\course project\ria-2025\ria-2025\x64\debug\ria-2025.tlog\cl.read.1.tlog
d:\course project\ria-2025\ria-2025\x64\debug\ria-2025.tlog\cl.write.1.tlog
d:\course project\ria-2025\ria-2025\x64\debug\ria-2025.tlog\link.command.1.tlog
d:\course project\ria-2025\ria-2025\x64\debug\ria-2025.tlog\link.read.1.tlog
d:\course project\ria-2025\ria-2025\x64\debug\ria-2025.tlog\link.secondary.1.tlog
d:\course project\ria-2025\ria-2025\x64\debug\ria-2025.tlog\link.write.1.tlog
