Microsoft (R) Macro Assembler Version 14.41.34120.0	    12/14/25 17:56:47
out.asm							     Page 1 - 1


				.586
				.model flat, stdcall
				includelib legacy_stdio_definitions.lib
				includelib msvcrtd.lib
				includelib vcruntimed.lib
				includelib ucrtd.lib
				includelib kernel32.lib
				includelib "..\RIA-2025\Debug\StaticLibrary.lib"
				ExitProcess PROTO:DWORD 
				.stack 4096


				 outlich PROTO : DWORD

				 outrad PROTO : DWORD

				 str_len PROTO : DWORD, : DWORD

 = str_len			 strlen EQU str_len

				 tostring PROTO : DWORD, : DWORD

				 atoii  PROTO : DWORD,  : DWORD

 00000000			.const
 00000000 0D 0A 00				newline byte 13, 10, 0
 00000003 00000002				var_LTRL1 sdword 2
 00000007 00000000				var_LTRL2 sdword 0
 0000000B 53 74 61 72 74			var_LTRL3 byte 'StartDemo', 0
	   44 65 6D 6F 00
 00000015 000001F4				var_LTRL4 sdword 500
 00000019 00000003				var_LTRL5 sdword 3
 0000001D 78 20 3D 20 31			var_LTRL6 byte 'x = 10, y = 3', 10, 0
	   30 2C 20 79 20
	   3D 20 33 0A 00
 0000002C 78 20 2B 20 79			var_LTRL7 byte 'x + y = ', 0
	   20 3D 20 00
 00000035 0A 00					var_LTRL8 byte 10, 0
 00000037 78 20 2D 20 79			var_LTRL9 byte 'x - y = ', 0
	   20 3D 20 00
 00000040 0A 00					var_LTRL10 byte 10, 0
 00000042 78 20 2A 20 79			var_LTRL11 byte 'x * y = ', 0
	   20 3D 20 00
 0000004B 0A 00					var_LTRL12 byte 10, 0
 0000004D 78 20 2F 20 79			var_LTRL13 byte 'x / y = ', 0
	   20 3D 20 00
 00000056 0A 00					var_LTRL14 byte 10, 0
 00000058 78 20 25 20 79			var_LTRL15 byte 'x % y = ', 0
	   20 3D 20 00
 00000061 0A 00					var_LTRL16 byte 10, 0
 00000063 42 69 74 77 69			var_LTRL17 byte 'Bitwise OR (x | y): ', 0
	   73 65 20 4F 52
	   20 28 78 20 7C
	   20 79 29 3A 20
	   00
 00000078 0A 00					var_LTRL18 byte 10, 0
 0000007A 42 69 74 77 69			var_LTRL19 byte 'Bitwise AND (x & y): ', 0
	   73 65 20 41 4E
	   44 20 28 78 20
	   26 20 79 29 3A
	   20 00
 00000090 0A 00					var_LTRL20 byte 10, 0
 00000092 00000001				var_LTRL21 sdword 1
 00000096 42 69 74 77 69			var_LTRL22 byte 'Bitwise NOT (~vbn): ', 0
	   73 65 20 4E 4F
	   54 20 28 7E 76
	   62 6E 29 3A 20
	   00
 000000AB 0A 00					var_LTRL23 byte 10, 0
 000000AD 4C 6F 67 69 63			var_LTRL24 byte 'Logic & If:', 10, 0
	   20 26 20 49 66
	   3A 0A 00
 000000BA 00000000				var_LTRL25 sdword 0
 000000BE 0A 00					var_LTRL26 byte 10, 0
 000000C0 46 6C 61 67 20			var_LTRL27 byte 'Flag is true.', 10, 0
	   69 73 20 74 72
	   75 65 2E 0A 00
 000000CF 78 20 69 73 20			var_LTRL28 byte 'x is not equal to y', 10, 0
	   6E 6F 74 20 65
	   71 75 61 6C 20
	   74 6F 20 79 0A
	   00
 000000E4 46 75 6E 63 74			var_LTRL29 byte 'Function & Bool:', 10, 0
	   69 6F 6E 20 26
	   20 42 6F 6F 6C
	   3A 0A 00
 000000F6 43 68 65 63 6B			var_LTRL30 byte 'Check if 4 is even: ', 0
	   20 69 66 20 34
	   20 69 73 20 65
	   76 65 6E 3A 20
	   00
 0000010B 00000004				var_LTRL31 sdword 4
 0000010F 59 65 73 0A 00			var_LTRL32 byte 'Yes', 10, 0
 00000114 53 74 72 69 6E			var_LTRL33 byte 'Strings:', 10, 0
	   67 73 3A 0A 00
 0000011E 48 65 6C 6C 6F			var_LTRL34 byte 'Hello', 9, 'Wd', 0
	   09 57 64 00
 00000127 53 74 72 69 6E			var_LTRL35 byte 'String with tab: ', 0
	   67 20 77 69 74
	   68 20 74 61 62
	   3A 20 00
 00000139 0A 00					var_LTRL36 byte 10, 0
 0000013B 4C 65 6E 67 74			var_LTRL37 byte 'Length of string: ', 0
	   68 20 6F 66 20
	   73 74 72 69 6E
	   67 3A 20 00
 0000014E 0A 00					var_LTRL38 byte 10, 0
 00000150 49 6E 74 20 74			var_LTRL39 byte 'Int to String: ', 0
	   6F 20 53 74 72
	   69 6E 67 3A 20
	   00
 00000160 00003039				var_LTRL40 sdword 12345
 00000164 0A 00					var_LTRL41 byte 10, 0
 00000166 0A 00					var_LTRL42 byte 10, 0
 00000168 44 6F 2D 57 68			var_LTRL43 byte 'Do-While Loop:', 10, 0
	   69 6C 65 20 4C
	   6F 6F 70 3A 0A
	   00
 00000178 49 74 65 72 3A			var_LTRL44 byte 'Iter: ', 0
	   20 00
 0000017F 0A 00					var_LTRL45 byte 10, 0
 00000181 0A 00					var_LTRL46 byte 10, 0
 00000183 0000000A				var_LTRL47 sdword 10
 00000187 00000064				var_LTRL48 sdword 100
 0000018B 09 00					var_LTRL49 byte 9, 0
 0000018D 0A 00					var_LTRL50 byte 10, 0
 0000018F 0A 00					var_LTRL51 byte 10, 0
 00000191 000000FA				var_LTRL52 sdword 250
 00000195 45 6E 64 20 6F			var_LTRL53 byte 'End of Demo', 10, 0
	   66 20 44 65 6D
	   6F 0A 00
 00000000			.data
 00000000 00000000				temp sdword ?
 00000004  00000100 [				buffer byte 256 dup(0)
	    00
	   ]
 00000104 00000000				var_sumres dword 0
 00000108 00000000				var_x dword 0
 0000010C 00000000				var_y dword 0
 00000110 00					var_varname byte 0
 00000111 00000000				var_s dword 0
 00000115 00000000				var_flag dword 0
 00000119 00					var_not_vbn byte 0
 0000011A 00					var_vbn byte 0
 0000011B 00000000				var_text dword 0
 0000011F 00000000				var_ss dword 0
 00000123 00					var_e byte 0
 00000124 00					var_o byte 0
 00000125 00					var_b byte 0
 00000126 00					var_u byte 0
 00000127 00					var_bit_or byte 0
 00000128 00					var_overflow_test byte 0
 00000000			.code

				;----------- sum ------------
 00000000			sum PROC,
					var_suma : dword, var_sumb : dword  
				; --- save registers ---
 00000003  53			push ebx
 00000004  52			push edx
				; ----------------------
 00000005  FF 75 08		push var_suma
 00000008  FF 75 0C		push var_sumb
 0000000B  5B			pop ebx
 0000000C  58			pop eax
 0000000D  03 C3		add eax, ebx
 0000000F  50			push eax
 00000010  58			pop eax
 00000011  A3 00000104 R	mov var_sumres, eax

 00000016  FF 35 00000104 R	push var_sumres
 0000001C  58			pop eax
				; --- restore registers ---
 0000001D  5A			pop edx
 0000001E  5B			pop ebx
				; -------------------------
				ret
 00000023			sum ENDP
				;------------------------------


				;----------- isEven ------------
 00000023			isEven PROC,
					var_isEvenv : dword  
				; --- save registers ---
 00000026  53			push ebx
 00000027  52			push edx
				; ----------------------
 00000028  FF 75 08		push var_isEvenv
 0000002B  FF 35 00000003 R	push var_LTRL1
 00000031  5B			pop ebx
 00000032  58			pop eax
 00000033  99			cdq
 00000034  BA 00000000		mov edx,0
 00000039  F7 FB		idiv ebx
 0000003B  52			push edx
 0000003C  FF 35 00000007 R	push var_LTRL2
 00000042  5B			pop ebx
 00000043  58			pop eax
 00000044  3B C3		cmp eax, ebx
 00000046  0F 94 C0		sete al
 00000049  0F B6 C0		movzx eax, al
 0000004C  50			push eax
 0000004D  58			pop eax
				; --- restore registers ---
 0000004E  5A			pop edx
 0000004F  5B			pop ebx
				; -------------------------
				ret
 00000054			isEven ENDP
				;------------------------------


				;----------- MAIN ------------
 00000054			main PROC
 00000054  68 0000000B R	push offset var_LTRL3
 00000059  E8 00000000 E	call outrad

 0000005E  FF 35 00000015 R	push var_LTRL4
 00000064  58			pop eax
 00000065  A3 00000108 R	mov var_x, eax

 0000006A  FF 35 00000019 R	push var_LTRL5
 00000070  58			pop eax
 00000071  A3 0000010C R	mov var_y, eax

 00000076  68 0000001D R	push offset var_LTRL6
 0000007B  E8 00000000 E	call outrad

 00000080  68 0000002C R	push offset var_LTRL7
 00000085  E8 00000000 E	call outrad


 0000008A  FF 35 0000010C R	push var_y
 00000090  FF 35 00000108 R	push var_x
 00000096  E8 FFFFFF65		call sum
 0000009B  50			push eax
 0000009C  E8 00000000 E	call outlich

 000000A1  68 00000035 R	push offset var_LTRL8
 000000A6  E8 00000000 E	call outrad

 000000AB  68 00000037 R	push offset var_LTRL9
 000000B0  E8 00000000 E	call outrad

 000000B5  FF 35 00000108 R	push var_x
 000000BB  FF 35 0000010C R	push var_y
 000000C1  5B			pop ebx
 000000C2  58			pop eax
 000000C3  2B C3		sub eax, ebx
 000000C5  50			push eax
 000000C6  E8 00000000 E	call outlich

 000000CB  68 00000040 R	push offset var_LTRL10
 000000D0  E8 00000000 E	call outrad

 000000D5  68 00000042 R	push offset var_LTRL11
 000000DA  E8 00000000 E	call outrad

 000000DF  FF 35 00000108 R	push var_x
 000000E5  FF 35 0000010C R	push var_y
 000000EB  5B			pop ebx
 000000EC  58			pop eax
 000000ED  0F AF C3		imul eax, ebx
 000000F0  50			push eax
 000000F1  E8 00000000 E	call outlich

 000000F6  68 0000004B R	push offset var_LTRL12
 000000FB  E8 00000000 E	call outrad

 00000100  68 0000004D R	push offset var_LTRL13
 00000105  E8 00000000 E	call outrad

 0000010A  FF 35 00000108 R	push var_x
 00000110  FF 35 0000010C R	push var_y
 00000116  5B			pop ebx
 00000117  58			pop eax
 00000118  99			cdq
 00000119  F7 FB		idiv ebx
 0000011B  50			push eax
 0000011C  E8 00000000 E	call outlich

 00000121  68 00000056 R	push offset var_LTRL14
 00000126  E8 00000000 E	call outrad

 0000012B  68 00000058 R	push offset var_LTRL15
 00000130  E8 00000000 E	call outrad

 00000135  FF 35 00000108 R	push var_x
 0000013B  FF 35 0000010C R	push var_y
 00000141  5B			pop ebx
 00000142  58			pop eax
 00000143  99			cdq
 00000144  BA 00000000		mov edx,0
 00000149  F7 FB		idiv ebx
 0000014B  52			push edx
 0000014C  E8 00000000 E	call outlich

 00000151  68 00000061 R	push offset var_LTRL16
 00000156  E8 00000000 E	call outrad

 0000015B  68 00000063 R	push offset var_LTRL17
 00000160  E8 00000000 E	call outrad

 00000165  FF 35 00000108 R	push var_x
 0000016B  FF 35 0000010C R	push var_y
 00000171  5B			pop ebx
 00000172  58			pop eax
 00000173  0B C3		or eax, ebx
 00000175  50			push eax
 00000176  E8 00000000 E	call outlich

 0000017B  68 00000078 R	push offset var_LTRL18
 00000180  E8 00000000 E	call outrad

 00000185  68 0000007A R	push offset var_LTRL19
 0000018A  E8 00000000 E	call outrad

 0000018F  FF 35 00000108 R	push var_x
 00000195  FF 35 0000010C R	push var_y
 0000019B  5B			pop ebx
 0000019C  58			pop eax
 0000019D  23 C3		and eax, ebx
 0000019F  50			push eax
 000001A0  E8 00000000 E	call outlich

 000001A5  68 00000090 R	push offset var_LTRL20
 000001AA  E8 00000000 E	call outrad

 000001AF  FF 35 00000092 R	push var_LTRL21
 000001B5  58			pop eax
 000001B6  A2 0000011A R	mov byte ptr [var_vbn], al

 000001BB  0F B6 05		movzx eax, byte ptr [var_vbn]
	   0000011A R
 000001C2  50			push eax
 000001C3  58			pop eax
 000001C4  F7 D0		not eax
 000001C6  50			push eax
 000001C7  58			pop eax
 000001C8  A2 00000119 R	mov byte ptr [var_not_vbn], al

 000001CD  68 00000096 R	push offset var_LTRL22
 000001D2  E8 00000000 E	call outrad

 000001D7  0F B6 05		movzx eax, byte ptr [var_not_vbn]
	   00000119 R
 000001DE  50			push eax
 000001DF  E8 00000000 E	call outlich

 000001E4  68 000000AB R	push offset var_LTRL23
 000001E9  E8 00000000 E	call outrad

 000001EE  68 000000AD R	push offset var_LTRL24
 000001F3  E8 00000000 E	call outrad

 000001F8  FF 35 000000BA R	push var_LTRL25
 000001FE  58			pop eax
 000001FF  83 F8 00		cmp eax, 0
 00000202  0F 94 C0		sete al
 00000205  0F B6 C0		movzx eax, al
 00000208  50			push eax
 00000209  58			pop eax
 0000020A  A3 00000115 R	mov var_flag, eax

 0000020F  FF 35 00000115 R	push var_flag
 00000215  E8 00000000 E	call outlich

 0000021A  68 000000BE R	push offset var_LTRL26
 0000021F  E8 00000000 E	call outrad

 00000224  FF 35 00000115 R	push var_flag
 0000022A  58			pop eax
 0000022B  83 F8 00		cmp eax, 0
 0000022E  74 0A		je lbl_if_end_1

 00000230  68 000000C0 R	push offset var_LTRL27
 00000235  E8 00000000 E	call outrad

 0000023A			lbl_if_end_1:

 0000023A  FF 35 00000108 R	push var_x
 00000240  FF 35 0000010C R	push var_y
 00000246  5B			pop ebx
 00000247  58			pop eax
 00000248  3B C3		cmp eax, ebx
 0000024A  0F 95 C0		setne al
 0000024D  0F B6 C0		movzx eax, al
 00000250  50			push eax
 00000251  58			pop eax
 00000252  83 F8 00		cmp eax, 0
 00000255  74 0A		je lbl_if_end_2

 00000257  68 000000CF R	push offset var_LTRL28
 0000025C  E8 00000000 E	call outrad

 00000261			lbl_if_end_2:

 00000261  68 000000E4 R	push offset var_LTRL29
 00000266  E8 00000000 E	call outrad

 0000026B  68 000000F6 R	push offset var_LTRL30
 00000270  E8 00000000 E	call outrad


 00000275  FF 35 0000010B R	push var_LTRL31
 0000027B  E8 FFFFFDA3		call isEven
 00000280  50			push eax
 00000281  58			pop eax
 00000282  83 F8 00		cmp eax, 0
 00000285  74 0A		je lbl_if_end_3

 00000287  68 0000010F R	push offset var_LTRL32
 0000028C  E8 00000000 E	call outrad

 00000291			lbl_if_end_3:

 00000291  68 00000114 R	push offset var_LTRL33
 00000296  E8 00000000 E	call outrad

 0000029B  68 0000011E R	push offset var_LTRL34
 000002A0  58			pop eax
 000002A1  A3 00000111 R	mov var_s, eax

 000002A6  68 00000127 R	push offset var_LTRL35
 000002AB  E8 00000000 E	call outrad

 000002B0  FF 35 00000111 R	push var_s
 000002B6  E8 00000000 E	call outrad

 000002BB  68 00000139 R	push offset var_LTRL36
 000002C0  E8 00000000 E	call outrad

 000002C5  68 0000013B R	push offset var_LTRL37
 000002CA  E8 00000000 E	call outrad


 000002CF  FF 35 00000111 R	push var_s
 000002D5  68 00000004 R	push offset buffer
 000002DA  E8 00000000 E	call strlen
 000002DF  50			push eax
 000002E0  E8 00000000 E	call outlich

 000002E5  68 0000014E R	push offset var_LTRL38
 000002EA  E8 00000000 E	call outrad

 000002EF  68 00000150 R	push offset var_LTRL39
 000002F4  E8 00000000 E	call outrad


 000002F9  FF 35 00000160 R	push var_LTRL40
 000002FF  68 00000004 R	push offset buffer
 00000304  E8 00000000 E	call tostring
 00000309  50			push eax
 0000030A  E8 00000000 E	call outrad

 0000030F  68 00000164 R	push offset var_LTRL41
 00000314  E8 00000000 E	call outrad


 00000319  FF 35 00000108 R	push var_x
 0000031F  68 00000004 R	push offset buffer
 00000324  E8 00000000 E	call tostring
 00000329  50			push eax
 0000032A  58			pop eax
 0000032B  A3 0000011F R	mov var_ss, eax

 00000330  FF 35 0000011F R	push var_ss
 00000336  E8 00000000 E	call outrad

 0000033B  68 00000166 R	push offset var_LTRL42
 00000340  E8 00000000 E	call outrad

 00000345  68 00000168 R	push offset var_LTRL43
 0000034A  E8 00000000 E	call outrad

 0000034F  FF 35 00000007 R	push var_LTRL2
 00000355  58			pop eax
 00000356  A3 00000108 R	mov var_x, eax

 0000035B			lbl_do_4:

 0000035B  68 00000178 R	push offset var_LTRL44
 00000360  E8 00000000 E	call outrad

 00000365  FF 35 00000108 R	push var_x
 0000036B  E8 00000000 E	call outlich

 00000370  68 0000017F R	push offset var_LTRL45
 00000375  E8 00000000 E	call outrad

 0000037A  FF 35 00000108 R	push var_x
 00000380  FF 35 00000092 R	push var_LTRL21
 00000386  5B			pop ebx
 00000387  58			pop eax
 00000388  03 C3		add eax, ebx
 0000038A  50			push eax
 0000038B  58			pop eax
 0000038C  A3 00000108 R	mov var_x, eax

 00000391  FF 35 00000108 R	push var_x
 00000397  FF 35 00000019 R	push var_LTRL5
 0000039D  5B			pop ebx
 0000039E  58			pop eax
 0000039F  3B C3		cmp eax, ebx
 000003A1  0F 95 C0		setne al
 000003A4  0F B6 C0		movzx eax, al
 000003A7  50			push eax
 000003A8  58			pop eax
 000003A9  83 F8 00		cmp eax, 0
 000003AC  75 AD		jne lbl_do_4

 000003AE  FF 35 00000007 R	push var_LTRL2
 000003B4  58			pop eax
 000003B5  A2 00000123 R	mov byte ptr [var_e], al

 000003BA  FF 35 00000003 R	push var_LTRL1
 000003C0  0F B6 05		movzx eax, byte ptr [var_e]
	   00000123 R
 000003C7  50			push eax
 000003C8  5B			pop ebx
 000003C9  58			pop eax
 000003CA  03 C3		add eax, ebx
 000003CC  50			push eax
 000003CD  E8 00000000 E	call outlich

 000003D2  68 00000181 R	push offset var_LTRL46
 000003D7  E8 00000000 E	call outrad

 000003DC  FF 35 00000183 R	push var_LTRL47
 000003E2  58			pop eax
 000003E3  A2 00000124 R	mov byte ptr [var_o], al

 000003E8  FF 35 00000187 R	push var_LTRL48
 000003EE  58			pop eax
 000003EF  A2 00000125 R	mov byte ptr [var_b], al

 000003F4  0F B6 05		movzx eax, byte ptr [var_o]
	   00000124 R
 000003FB  50			push eax
 000003FC  0F B6 05		movzx eax, byte ptr [var_b]
	   00000125 R
 00000403  50			push eax
 00000404  FF 35 00000003 R	push var_LTRL1
 0000040A  5B			pop ebx
 0000040B  58			pop eax
 0000040C  99			cdq
 0000040D  F7 FB		idiv ebx
 0000040F  50			push eax
 00000410  5B			pop ebx
 00000411  58			pop eax
 00000412  03 C3		add eax, ebx
 00000414  50			push eax
 00000415  58			pop eax
 00000416  A2 00000126 R	mov byte ptr [var_u], al

 0000041B  68 0000018B R	push offset var_LTRL49
 00000420  E8 00000000 E	call outrad

 00000425  0F B6 05		movzx eax, byte ptr [var_u]
	   00000126 R
 0000042C  50			push eax
 0000042D  E8 00000000 E	call outlich

 00000432  68 0000018D R	push offset var_LTRL50
 00000437  E8 00000000 E	call outrad

 0000043C  0F B6 05		movzx eax, byte ptr [var_o]
	   00000124 R
 00000443  50			push eax
 00000444  0F B6 05		movzx eax, byte ptr [var_b]
	   00000125 R
 0000044B  50			push eax
 0000044C  5B			pop ebx
 0000044D  58			pop eax
 0000044E  0B C3		or eax, ebx
 00000450  50			push eax
 00000451  58			pop eax
 00000452  A2 00000127 R	mov byte ptr [var_bit_or], al

 00000457  0F B6 05		movzx eax, byte ptr [var_bit_or]
	   00000127 R
 0000045E  50			push eax
 0000045F  E8 00000000 E	call outlich

 00000464  68 0000018F R	push offset var_LTRL51
 00000469  E8 00000000 E	call outrad

 0000046E  FF 35 00000191 R	push var_LTRL52
 00000474  58			pop eax
 00000475  A2 00000128 R	mov byte ptr [var_overflow_test], al

 0000047A  68 00000195 R	push offset var_LTRL53
 0000047F  E8 00000000 E	call outrad


 00000484  C3			ret
 00000485  6A 00		push 0
 00000487  E8 00000000 E	call ExitProcess
 0000048C			main ENDP
				end main
Microsoft (R) Macro Assembler Version 14.41.34120.0	    12/14/25 17:56:47
out.asm							     Symbols 2 - 1




Segments and Groups:

                N a m e                 Size     Length   Align   Combine Class

CONST  . . . . . . . . . . . . .	32 Bit	 000001A2 Para	  Public  'CONST'	 ReadOnly
FLAT . . . . . . . . . . . . . .	GROUP
STACK  . . . . . . . . . . . . .	32 Bit	 00001000 Para	  Stack	  'STACK'	 
_DATA  . . . . . . . . . . . . .	32 Bit	 00000129 Para	  Public  'DATA'	
_TEXT  . . . . . . . . . . . . .	32 Bit	 0000048C Para	  Public  'CODE'	


Procedures, parameters, and locals:

                N a m e                 Type     Value    Attr

ExitProcess  . . . . . . . . . .	P Near	 00000000 FLAT	Length= 00000000 External STDCALL
atoii  . . . . . . . . . . . . .	P Near	 00000000 FLAT	Length= 00000000 External STDCALL
isEven . . . . . . . . . . . . .	P Near	 00000023 _TEXT	Length= 00000031 Public STDCALL
  var_isEvenv  . . . . . . . . .	DWord	 bp + 00000008
main . . . . . . . . . . . . . .	P Near	 00000054 _TEXT	Length= 00000438 Public STDCALL
  lbl_if_end_1 . . . . . . . . .	L Near	 0000023A _TEXT	
  lbl_if_end_2 . . . . . . . . .	L Near	 00000261 _TEXT	
  lbl_if_end_3 . . . . . . . . .	L Near	 00000291 _TEXT	
  lbl_do_4 . . . . . . . . . . .	L Near	 0000035B _TEXT	
outlich  . . . . . . . . . . . .	P Near	 00000000 FLAT	Length= 00000000 External STDCALL
outrad . . . . . . . . . . . . .	P Near	 00000000 FLAT	Length= 00000000 External STDCALL
str_len  . . . . . . . . . . . .	P Near	 00000000 FLAT	Length= 00000000 External STDCALL
sum  . . . . . . . . . . . . . .	P Near	 00000000 _TEXT	Length= 00000023 Public STDCALL
  var_suma . . . . . . . . . . .	DWord	 bp + 00000008
  var_sumb . . . . . . . . . . .	DWord	 bp + 0000000C
tostring . . . . . . . . . . . .	P Near	 00000000 FLAT	Length= 00000000 External STDCALL


Symbols:

                N a m e                 Type     Value    Attr

@CodeSize  . . . . . . . . . . .	Number	 00000000h   
@DataSize  . . . . . . . . . . .	Number	 00000000h   
@Interface . . . . . . . . . . .	Number	 00000003h   
@Model . . . . . . . . . . . . .	Number	 00000007h   
@code  . . . . . . . . . . . . .	Text   	 _TEXT
@data  . . . . . . . . . . . . .	Text   	 FLAT
@fardata?  . . . . . . . . . . .	Text   	 FLAT
@fardata . . . . . . . . . . . .	Text   	 FLAT
@stack . . . . . . . . . . . . .	Text   	 FLAT
buffer . . . . . . . . . . . . .	Byte	 00000004 _DATA	
newline  . . . . . . . . . . . .	Byte	 00000000 CONST	
strlen . . . . . . . . . . . . .	Text   	 str_len
temp . . . . . . . . . . . . . .	DWord	 00000000 _DATA	
var_LTRL10 . . . . . . . . . . .	Byte	 00000040 CONST	
var_LTRL11 . . . . . . . . . . .	Byte	 00000042 CONST	
var_LTRL12 . . . . . . . . . . .	Byte	 0000004B CONST	
var_LTRL13 . . . . . . . . . . .	Byte	 0000004D CONST	
var_LTRL14 . . . . . . . . . . .	Byte	 00000056 CONST	
var_LTRL15 . . . . . . . . . . .	Byte	 00000058 CONST	
var_LTRL16 . . . . . . . . . . .	Byte	 00000061 CONST	
var_LTRL17 . . . . . . . . . . .	Byte	 00000063 CONST	
var_LTRL18 . . . . . . . . . . .	Byte	 00000078 CONST	
var_LTRL19 . . . . . . . . . . .	Byte	 0000007A CONST	
var_LTRL1  . . . . . . . . . . .	DWord	 00000003 CONST	
var_LTRL20 . . . . . . . . . . .	Byte	 00000090 CONST	
var_LTRL21 . . . . . . . . . . .	DWord	 00000092 CONST	
var_LTRL22 . . . . . . . . . . .	Byte	 00000096 CONST	
var_LTRL23 . . . . . . . . . . .	Byte	 000000AB CONST	
var_LTRL24 . . . . . . . . . . .	Byte	 000000AD CONST	
var_LTRL25 . . . . . . . . . . .	DWord	 000000BA CONST	
var_LTRL26 . . . . . . . . . . .	Byte	 000000BE CONST	
var_LTRL27 . . . . . . . . . . .	Byte	 000000C0 CONST	
var_LTRL28 . . . . . . . . . . .	Byte	 000000CF CONST	
var_LTRL29 . . . . . . . . . . .	Byte	 000000E4 CONST	
var_LTRL2  . . . . . . . . . . .	DWord	 00000007 CONST	
var_LTRL30 . . . . . . . . . . .	Byte	 000000F6 CONST	
var_LTRL31 . . . . . . . . . . .	DWord	 0000010B CONST	
var_LTRL32 . . . . . . . . . . .	Byte	 0000010F CONST	
var_LTRL33 . . . . . . . . . . .	Byte	 00000114 CONST	
var_LTRL34 . . . . . . . . . . .	Byte	 0000011E CONST	
var_LTRL35 . . . . . . . . . . .	Byte	 00000127 CONST	
var_LTRL36 . . . . . . . . . . .	Byte	 00000139 CONST	
var_LTRL37 . . . . . . . . . . .	Byte	 0000013B CONST	
var_LTRL38 . . . . . . . . . . .	Byte	 0000014E CONST	
var_LTRL39 . . . . . . . . . . .	Byte	 00000150 CONST	
var_LTRL3  . . . . . . . . . . .	Byte	 0000000B CONST	
var_LTRL40 . . . . . . . . . . .	DWord	 00000160 CONST	
var_LTRL41 . . . . . . . . . . .	Byte	 00000164 CONST	
var_LTRL42 . . . . . . . . . . .	Byte	 00000166 CONST	
var_LTRL43 . . . . . . . . . . .	Byte	 00000168 CONST	
var_LTRL44 . . . . . . . . . . .	Byte	 00000178 CONST	
var_LTRL45 . . . . . . . . . . .	Byte	 0000017F CONST	
var_LTRL46 . . . . . . . . . . .	Byte	 00000181 CONST	
var_LTRL47 . . . . . . . . . . .	DWord	 00000183 CONST	
var_LTRL48 . . . . . . . . . . .	DWord	 00000187 CONST	
var_LTRL49 . . . . . . . . . . .	Byte	 0000018B CONST	
var_LTRL4  . . . . . . . . . . .	DWord	 00000015 CONST	
var_LTRL50 . . . . . . . . . . .	Byte	 0000018D CONST	
var_LTRL51 . . . . . . . . . . .	Byte	 0000018F CONST	
var_LTRL52 . . . . . . . . . . .	DWord	 00000191 CONST	
var_LTRL53 . . . . . . . . . . .	Byte	 00000195 CONST	
var_LTRL5  . . . . . . . . . . .	DWord	 00000019 CONST	
var_LTRL6  . . . . . . . . . . .	Byte	 0000001D CONST	
var_LTRL7  . . . . . . . . . . .	Byte	 0000002C CONST	
var_LTRL8  . . . . . . . . . . .	Byte	 00000035 CONST	
var_LTRL9  . . . . . . . . . . .	Byte	 00000037 CONST	
var_bit_or . . . . . . . . . . .	Byte	 00000127 _DATA	
var_b  . . . . . . . . . . . . .	Byte	 00000125 _DATA	
var_e  . . . . . . . . . . . . .	Byte	 00000123 _DATA	
var_flag . . . . . . . . . . . .	DWord	 00000115 _DATA	
var_not_vbn  . . . . . . . . . .	Byte	 00000119 _DATA	
var_overflow_test  . . . . . . .	Byte	 00000128 _DATA	
var_o  . . . . . . . . . . . . .	Byte	 00000124 _DATA	
var_ss . . . . . . . . . . . . .	DWord	 0000011F _DATA	
var_sumres . . . . . . . . . . .	DWord	 00000104 _DATA	
var_s  . . . . . . . . . . . . .	DWord	 00000111 _DATA	
var_text . . . . . . . . . . . .	DWord	 0000011B _DATA	
var_u  . . . . . . . . . . . . .	Byte	 00000126 _DATA	
var_varname  . . . . . . . . . .	Byte	 00000110 _DATA	
var_vbn  . . . . . . . . . . . .	Byte	 0000011A _DATA	
var_x  . . . . . . . . . . . . .	DWord	 00000108 _DATA	
var_y  . . . . . . . . . . . . .	DWord	 0000010C _DATA	

	   0 Warnings
	   0 Errors
